<?xml version="1.0" encoding="UTF-8"?>
<!-- Generated by org.testng.reporters.JUnitXMLReporter -->
<testsuite ignored="4" hostname="SONALI" failures="0" tests="2" name="Test-Runner-Chrome" time="27.927" errors="0" timestamp="2023-10-13T20:01:58 IST">
  <testcase classname="contactsTests.CreateContact" name="createContact" time="10.394"/>
  <testcase classname="contactsTests.CcreateContactWithOrganizationTest" name="createContactWithOrganizationTest" time="0.001">
    <skipped/>
  </testcase> <!-- createContactWithOrganizationTest -->
  <testcase classname="genericutilities.BaseClass" name="@AfterTest acConfig" time="0.0">
    <ignored/>
  </testcase> <!-- @AfterTest acConfig -->
  <testcase classname="genericutilities.BaseClass" name="@BeforeSuite bsConfig" time="0.0">
    <ignored/>
  </testcase> <!-- @BeforeSuite bsConfig -->
  <testcase classname="genericutilities.BaseClass" name="@BeforeTest bcConfig" time="0.0">
    <ignored/>
  </testcase> <!-- @BeforeTest bcConfig -->
  <testcase classname="genericutilities.BaseClass" name="@AfterSuite asConfig" time="0.0">
    <ignored/>
  </testcase> <!-- @AfterSuite asConfig -->
</testsuite> <!-- Test-Runner-Chrome -->
