<?xml version="1.0" encoding="UTF-8"?>
<!-- Generated by org.testng.reporters.JUnitReportReporter -->
<testsuite hostname="SONALI" failures="0" tests="3" name="practice.DataProviderPractice" time="0.014" errors="0" timestamp="2023-10-05T21:11:43 IST" skipped="0">
  <testcase classname="practice.DataProviderPractice" name="addProductToCart" time="0.005"/>
  <testcase classname="practice.DataProviderPractice" name="addProductToCart" time="0.007"/>
  <testcase classname="practice.DataProviderPractice" name="addProductToCart" time="0.002"/>
</testsuite> <!-- practice.DataProviderPractice -->
