<?xml version="1.0" encoding="UTF-8"?>
<!-- Generated by org.testng.reporters.JUnitReportReporter -->
<testsuite hostname="SONALI" failures="0" tests="2" name="contactsTests.CreateContactTest" time="48.609" errors="0" timestamp="2023-10-28T00:03:11 IST" skipped="0">
  <testcase classname="contactsTests.CreateContactTest" name="demo" time="13.718"/>
  <testcase classname="contactsTests.CreateContactTest" name="createContact" time="34.891">
    <system-out>
      <![CDATA[clicked on contacts link
clicked on create contact look up image
contact created successfully
header captured
Header validated]]>
    </system-out>
  </testcase> <!-- createContact -->
  <system-out>
    <![CDATA[clicked on contacts link
clicked on create contact look up image
contact created successfully
header captured
Header validated]]>
  </system-out>
</testsuite> <!-- contactsTests.CreateContactTest -->
