<?xml version="1.0" encoding="UTF-8"?>
<!-- Generated by org.testng.reporters.JUnitReportReporter -->
<testsuite hostname="SONALI" failures="0" tests="1" name="practice.AssertionsPractice" time="0.023" errors="0" timestamp="2023-10-10T19:53:53 IST" skipped="0">
  <testcase classname="practice.AssertionsPractice" name="practice1" time="0.023"/>
</testsuite> <!-- practice.AssertionsPractice -->
