<?xml version="1.0" encoding="UTF-8"?>
<!-- Generated by org.testng.reporters.JUnitReportReporter -->
<testsuite hostname="SONALI" failures="0" tests="7" name="practice.TestNGPractice" time="0.013" errors="0" timestamp="2023-10-03T22:11:26 IST" skipped="0">
  <testcase classname="practice.TestNGPractice" name="DeleteCustomer" time="0.007"/>
  <testcase classname="practice.TestNGPractice" name="modifyCustomer" time="0.002"/>
  <testcase classname="practice.TestNGPractice" name="createCustomer" time="0.001"/>
  <testcase classname="practice.TestNGPractice" name="createCustomer" time="0.001"/>
  <testcase classname="practice.TestNGPractice" name="createCustomer" time="0.000"/>
  <testcase classname="practice.TestNGPractice" name="createCustomer" time="0.001"/>
  <testcase classname="practice.TestNGPractice" name="createCustomer" time="0.001"/>
</testsuite> <!-- practice.TestNGPractice -->
